\BOOKMARK [1][-]{section.1}{Introduction}{}% 1
\BOOKMARK [2][-]{subsection.1.1}{Notation}{section.1}% 2
\BOOKMARK [1][-]{section.2}{Micro-Syntax}{}% 3
\BOOKMARK [2][-]{subsection.2.1}{Identifiers}{section.2}% 4
\BOOKMARK [2][-]{subsection.2.2}{Keywords}{section.2}% 5
\BOOKMARK [2][-]{subsection.2.3}{Literals}{section.2}% 6
\BOOKMARK [2][-]{subsection.2.4}{Operators}{section.2}% 7
\BOOKMARK [2][-]{subsection.2.5}{Data Types}{section.2}% 8
\BOOKMARK [2][-]{subsection.2.6}{Comments}{section.2}% 9
\BOOKMARK [1][-]{section.3}{Macro Syntax}{}% 10
\BOOKMARK [2][-]{subsection.3.1}{Variables}{section.3}% 11
\BOOKMARK [2][-]{subsection.3.2}{Expressions}{section.3}% 12
\BOOKMARK [2][-]{subsection.3.3}{Block}{section.3}% 13
\BOOKMARK [2][-]{subsection.3.4}{Functions}{section.3}% 14
\BOOKMARK [2][-]{subsection.3.5}{Function Calls}{section.3}% 15
\BOOKMARK [2][-]{subsection.3.6}{Statements}{section.3}% 16
\BOOKMARK [2][-]{subsection.3.7}{Identifiers}{section.3}% 17
\BOOKMARK [2][-]{subsection.3.8}{Literals}{section.3}% 18
\BOOKMARK [2][-]{subsection.3.9}{Operators}{section.3}% 19
\BOOKMARK [2][-]{subsection.3.10}{Data Types}{section.3}% 20
\BOOKMARK [1][-]{section.4}{Few Semantic Checks}{}% 21
\BOOKMARK [1][-]{section.5}{Sample Programs}{}% 22
\BOOKMARK [2][-]{subsection.5.1}{Program 1}{section.5}% 23
\BOOKMARK [2][-]{subsection.5.2}{Program 2}{section.5}% 24
\BOOKMARK [2][-]{subsection.5.3}{Program 3}{section.5}% 25
\BOOKMARK [2][-]{subsection.5.4}{Program 4}{section.5}% 26
\BOOKMARK [2][-]{subsection.5.5}{Program 5}{section.5}% 27
\BOOKMARK [2][-]{subsection.5.6}{Program 6}{section.5}% 28
\BOOKMARK [2][-]{subsection.5.7}{Program 7}{section.5}% 29
\BOOKMARK [2][-]{subsection.5.8}{Program 8}{section.5}% 30
\BOOKMARK [2][-]{subsection.5.9}{Program 9}{section.5}% 31
\BOOKMARK [2][-]{subsection.5.10}{Program 10}{section.5}% 32
